# Logfile created on 2020-10-27 20:37:51 -0400 by logger.rb/v1.4.2
  INFO ---------------------------------------------------------------------------
  INFO START 2020-10-27 20:37:51 -0400 cap production deploy
  INFO ---------------------------------------------------------------------------
  INFO [814d9f5b] Running /usr/bin/env mkdir -p /tmp as tania@tania.to
 DEBUG [814d9f5b] Command: /usr/bin/env mkdir -p /tmp
  INFO [814d9f5b] Finished in 8.598 seconds with exit status 0 (successful).
 DEBUG Uploading /tmp/git-ssh-portfolio-production-tania.sh 0.0%
  INFO Uploading /tmp/git-ssh-portfolio-production-tania.sh 100.0%
  INFO [8d9f3189] Running /usr/bin/env chmod 700 /tmp/git-ssh-portfolio-production-tania.sh as tania@tania.to
 DEBUG [8d9f3189] Command: /usr/bin/env chmod 700 /tmp/git-ssh-portfolio-production-tania.sh
  INFO [8d9f3189] Finished in 0.079 seconds with exit status 0 (successful).
  INFO [5a24a6d6] Running /usr/bin/env git ls-remote git@github.com:rtnrtn/portfolio.git HEAD as tania@tania.to
 DEBUG [5a24a6d6] Command: ( export GIT_ASKPASS="/bin/echo" GIT_SSH="/tmp/git-ssh-portfolio-production-tania.sh" ; /usr/bin/env git ls-remote git@github.com:rtnrtn/portfolio.git HEAD )
 DEBUG [5a24a6d6] 	Warning: Permanently added the RSA host key for IP address '140.82.114.4' to the list of known hosts.
 DEBUG [5a24a6d6] 	git@github.com: Permission denied (publickey).
 DEBUG [5a24a6d6] 	fatal: Could not read from remote repository.

Please make sure you have the correct access rights
and the repository exists.
  INFO ---------------------------------------------------------------------------
  INFO START 2020-10-27 20:38:54 -0400 cap production deploy
  INFO ---------------------------------------------------------------------------
  INFO [608e1d7f] Running /usr/bin/env mkdir -p /tmp as tania@tania.to
 DEBUG [608e1d7f] Command: /usr/bin/env mkdir -p /tmp
  INFO [608e1d7f] Finished in 6.801 seconds with exit status 0 (successful).
 DEBUG Uploading /tmp/git-ssh-portfolio-production-tania.sh 0.0%
  INFO Uploading /tmp/git-ssh-portfolio-production-tania.sh 100.0%
  INFO [a7dca649] Running /usr/bin/env chmod 700 /tmp/git-ssh-portfolio-production-tania.sh as tania@tania.to
 DEBUG [a7dca649] Command: /usr/bin/env chmod 700 /tmp/git-ssh-portfolio-production-tania.sh
  INFO [a7dca649] Finished in 0.082 seconds with exit status 0 (successful).
  INFO [b5592c96] Running /usr/bin/env git ls-remote https://github.com/rtnrtn/portfolio.git HEAD as tania@tania.to
 DEBUG [b5592c96] Command: ( export GIT_ASKPASS="/bin/echo" GIT_SSH="/tmp/git-ssh-portfolio-production-tania.sh" ; /usr/bin/env git ls-remote https://github.com/rtnrtn/portfolio.git HEAD )
 DEBUG [b5592c96] 	e73e077c811c0ec5140d29247c38bfece6cc4623	HEAD
  INFO [b5592c96] Finished in 0.313 seconds with exit status 0 (successful).
  INFO [e10fb427] Running /usr/bin/env mkdir -p /home/tania/public_html/tania/shared /home/tania/public_html/tania/releases as tania@tania.to
 DEBUG [e10fb427] Command: /usr/bin/env mkdir -p /home/tania/public_html/tania/shared /home/tania/public_html/tania/releases
  INFO [e10fb427] Finished in 0.077 seconds with exit status 0 (successful).
  INFO [d36b09cc] Running /usr/bin/env mkdir -p /home/tania/public_html/tania/shared/log as tania@tania.to
 DEBUG [d36b09cc] Command: /usr/bin/env mkdir -p /home/tania/public_html/tania/shared/log
  INFO [d36b09cc] Finished in 0.079 seconds with exit status 0 (successful).
 DEBUG [fa774796] Running [ -f /home/tania/public_html/tania/current/REVISION ] as tania@tania.to
 DEBUG [fa774796] Command: [ -f /home/tania/public_html/tania/current/REVISION ]
 DEBUG [fa774796] Finished in 0.077 seconds with exit status 1 (failed).
 DEBUG [ffaa1aae] Running [ -f /home/tania/public_html/tania/repo/HEAD ] as tania@tania.to
 DEBUG [ffaa1aae] Command: [ -f /home/tania/public_html/tania/repo/HEAD ]
 DEBUG [ffaa1aae] Finished in 0.075 seconds with exit status 1 (failed).
 DEBUG [7f4b259b] Running if test ! -d /home/tania/public_html/tania; then echo "Directory does not exist '/home/tania/public_html/tania'" 1>&2; false; fi as tania@tania.to
 DEBUG [7f4b259b] Command: if test ! -d /home/tania/public_html/tania; then echo "Directory does not exist '/home/tania/public_html/tania'" 1>&2; false; fi
 DEBUG [7f4b259b] Finished in 0.077 seconds with exit status 0 (successful).
  INFO [e2a1eb29] Running /usr/bin/env git clone --mirror https://github.com/rtnrtn/portfolio.git /home/tania/public_html/tania/repo as tania@tania.to
 DEBUG [e2a1eb29] Command: cd /home/tania/public_html/tania && ( export GIT_ASKPASS="/bin/echo" GIT_SSH="/tmp/git-ssh-portfolio-production-tania.sh" ; /usr/bin/env git clone --mirror https://github.com/rtnrtn/portfolio.git /home/tania/public_html/tania/repo )
 DEBUG [e2a1eb29] 	Cloning into bare repository '/home/tania/public_html/tania/repo'...
  INFO [e2a1eb29] Finished in 57.259 seconds with exit status 0 (successful).
 DEBUG [69bfd2d0] Running if test ! -d /home/tania/public_html/tania/repo; then echo "Directory does not exist '/home/tania/public_html/tania/repo'" 1>&2; false; fi as tania@tania.to
 DEBUG [69bfd2d0] Command: if test ! -d /home/tania/public_html/tania/repo; then echo "Directory does not exist '/home/tania/public_html/tania/repo'" 1>&2; false; fi
 DEBUG [69bfd2d0] Finished in 0.071 seconds with exit status 0 (successful).
  INFO [8521aa6c] Running /usr/bin/env git remote set-url origin https://github.com/rtnrtn/portfolio.git as tania@tania.to
 DEBUG [8521aa6c] Command: cd /home/tania/public_html/tania/repo && ( export GIT_ASKPASS="/bin/echo" GIT_SSH="/tmp/git-ssh-portfolio-production-tania.sh" ; /usr/bin/env git remote set-url origin https://github.com/rtnrtn/portfolio.git )
  INFO [8521aa6c] Finished in 0.085 seconds with exit status 0 (successful).
  INFO [3746d321] Running /usr/bin/env git remote update --prune as tania@tania.to
 DEBUG [3746d321] Command: cd /home/tania/public_html/tania/repo && ( export GIT_ASKPASS="/bin/echo" GIT_SSH="/tmp/git-ssh-portfolio-production-tania.sh" ; /usr/bin/env git remote update --prune )
 DEBUG [3746d321] 	Fetching origin
  INFO [3746d321] Finished in 0.304 seconds with exit status 0 (successful).
 DEBUG [541667a6] Running if test ! -d /home/tania/public_html/tania/repo; then echo "Directory does not exist '/home/tania/public_html/tania/repo'" 1>&2; false; fi as tania@tania.to
 DEBUG [541667a6] Command: if test ! -d /home/tania/public_html/tania/repo; then echo "Directory does not exist '/home/tania/public_html/tania/repo'" 1>&2; false; fi
 DEBUG [541667a6] Finished in 0.073 seconds with exit status 0 (successful).
  INFO [0089d749] Running /usr/bin/env mkdir -p /home/tania/public_html/tania/releases/20201028003902 as tania@tania.to
 DEBUG [0089d749] Command: cd /home/tania/public_html/tania/repo && ( export GIT_ASKPASS="/bin/echo" GIT_SSH="/tmp/git-ssh-portfolio-production-tania.sh" ; /usr/bin/env mkdir -p /home/tania/public_html/tania/releases/20201028003902 )
  INFO [0089d749] Finished in 0.082 seconds with exit status 0 (successful).
  INFO [b4c16b88] Running /usr/bin/env git archive master | /usr/bin/env tar -x -f - -C /home/tania/public_html/tania/releases/20201028003902 as tania@tania.to
 DEBUG [b4c16b88] Command: cd /home/tania/public_html/tania/repo && ( export GIT_ASKPASS="/bin/echo" GIT_SSH="/tmp/git-ssh-portfolio-production-tania.sh" ; /usr/bin/env git archive master | /usr/bin/env tar -x -f - -C /home/tania/public_html/tania/releases/20201028003902 )
  INFO [b4c16b88] Finished in 0.143 seconds with exit status 0 (successful).
 DEBUG [3ca4055e] Running if test ! -d /home/tania/public_html/tania/repo; then echo "Directory does not exist '/home/tania/public_html/tania/repo'" 1>&2; false; fi as tania@tania.to
 DEBUG [3ca4055e] Command: if test ! -d /home/tania/public_html/tania/repo; then echo "Directory does not exist '/home/tania/public_html/tania/repo'" 1>&2; false; fi
 DEBUG [3ca4055e] Finished in 0.078 seconds with exit status 0 (successful).
 DEBUG [c9db5a56] Running /usr/bin/env git rev-list --max-count=1 master as tania@tania.to
 DEBUG [c9db5a56] Command: cd /home/tania/public_html/tania/repo && ( export GIT_ASKPASS="/bin/echo" GIT_SSH="/tmp/git-ssh-portfolio-production-tania.sh" ; /usr/bin/env git rev-list --max-count=1 master )
 DEBUG [c9db5a56] 	e73e077c811c0ec5140d29247c38bfece6cc4623
 DEBUG [c9db5a56] Finished in 0.082 seconds with exit status 0 (successful).
 DEBUG [30cea6fa] Running if test ! -d /home/tania/public_html/tania/releases/20201028003902; then echo "Directory does not exist '/home/tania/public_html/tania/releases/20201028003902'" 1>&2; false; fi as tania@tania.to
 DEBUG [30cea6fa] Command: if test ! -d /home/tania/public_html/tania/releases/20201028003902; then echo "Directory does not exist '/home/tania/public_html/tania/releases/20201028003902'" 1>&2; false; fi
 DEBUG [30cea6fa] Finished in 0.078 seconds with exit status 0 (successful).
  INFO [1a54d3bc] Running /usr/bin/env echo "e73e077c811c0ec5140d29247c38bfece6cc4623" > REVISION as tania@tania.to
 DEBUG [1a54d3bc] Command: cd /home/tania/public_html/tania/releases/20201028003902 && /usr/bin/env echo "e73e077c811c0ec5140d29247c38bfece6cc4623" > REVISION
  INFO [1a54d3bc] Finished in 0.081 seconds with exit status 0 (successful).
  INFO [0f41a5dc] Running /usr/bin/env mkdir -p /home/tania/public_html/tania/releases/20201028003902 as tania@tania.to
 DEBUG [0f41a5dc] Command: /usr/bin/env mkdir -p /home/tania/public_html/tania/releases/20201028003902
  INFO [0f41a5dc] Finished in 0.071 seconds with exit status 0 (successful).
 DEBUG [d2b60903] Running [ -L /home/tania/public_html/tania/releases/20201028003902/log ] as tania@tania.to
 DEBUG [d2b60903] Command: [ -L /home/tania/public_html/tania/releases/20201028003902/log ]
 DEBUG [d2b60903] Finished in 0.078 seconds with exit status 1 (failed).
 DEBUG [502b311b] Running [ -d /home/tania/public_html/tania/releases/20201028003902/log ] as tania@tania.to
 DEBUG [502b311b] Command: [ -d /home/tania/public_html/tania/releases/20201028003902/log ]
 DEBUG [502b311b] Finished in 0.078 seconds with exit status 1 (failed).
  INFO [6e2b02a6] Running /usr/bin/env ln -s /home/tania/public_html/tania/shared/log /home/tania/public_html/tania/releases/20201028003902/log as tania@tania.to
 DEBUG [6e2b02a6] Command: /usr/bin/env ln -s /home/tania/public_html/tania/shared/log /home/tania/public_html/tania/releases/20201028003902/log
  INFO [6e2b02a6] Finished in 0.079 seconds with exit status 0 (successful).
  INFO [03d8d825] Running /usr/bin/env ln -s /home/tania/public_html/tania/releases/20201028003902 /home/tania/public_html/tania/releases/current as tania@tania.to
 DEBUG [03d8d825] Command: /usr/bin/env ln -s /home/tania/public_html/tania/releases/20201028003902 /home/tania/public_html/tania/releases/current
  INFO [03d8d825] Finished in 0.079 seconds with exit status 0 (successful).
  INFO [b799193e] Running /usr/bin/env mv /home/tania/public_html/tania/releases/current /home/tania/public_html/tania as tania@tania.to
 DEBUG [b799193e] Command: /usr/bin/env mv /home/tania/public_html/tania/releases/current /home/tania/public_html/tania
  INFO [b799193e] Finished in 0.127 seconds with exit status 0 (successful).
 DEBUG [b1673deb] Running /usr/bin/env ls -x /home/tania/public_html/tania/releases as tania@tania.to
 DEBUG [b1673deb] Command: /usr/bin/env ls -x /home/tania/public_html/tania/releases
 DEBUG [b1673deb] 	20201025231100	20201025232700	20201026180600	20201028003902
 DEBUG [b1673deb] Finished in 0.080 seconds with exit status 0 (successful).
 DEBUG [83a99b95] Running if test ! -d /home/tania/public_html/tania/current; then echo "Directory does not exist '/home/tania/public_html/tania/current'" 1>&2; false; fi as tania@tania.to
 DEBUG [83a99b95] Command: if test ! -d /home/tania/public_html/tania/current; then echo "Directory does not exist '/home/tania/public_html/tania/current'" 1>&2; false; fi
 DEBUG [83a99b95] Finished in 0.077 seconds with exit status 0 (successful).
  INFO [76bfda09] Running /usr/bin/env jekyll build as tania@tania.to
 DEBUG [76bfda09] Command: cd /home/tania/public_html/tania/current && /usr/bin/env jekyll build
 DEBUG [76bfda09] 	/usr/bin/env: 
 DEBUG [76bfda09] 	‘jekyll’
 DEBUG [76bfda09] 	: No such file or directory
 DEBUG [76bfda09] 	
  INFO ---------------------------------------------------------------------------
  INFO START 2020-10-27 20:46:07 -0400 cap production deploy
  INFO ---------------------------------------------------------------------------
  INFO [a370ee9d] Running /usr/bin/env mkdir -p /tmp as tania@tania.to
 DEBUG [a370ee9d] Command: /usr/bin/env mkdir -p /tmp
  INFO [a370ee9d] Finished in 13.263 seconds with exit status 0 (successful).
 DEBUG Uploading /tmp/git-ssh-portfolio-production-tania.sh 0.0%
  INFO Uploading /tmp/git-ssh-portfolio-production-tania.sh 100.0%
  INFO [26c725ec] Running /usr/bin/env chmod 700 /tmp/git-ssh-portfolio-production-tania.sh as tania@tania.to
 DEBUG [26c725ec] Command: /usr/bin/env chmod 700 /tmp/git-ssh-portfolio-production-tania.sh
  INFO [26c725ec] Finished in 0.079 seconds with exit status 0 (successful).
  INFO [ab5d4ead] Running /usr/bin/env git ls-remote https://github.com/rtnrtn/portfolio.git HEAD as tania@tania.to
 DEBUG [ab5d4ead] Command: ( export GIT_ASKPASS="/bin/echo" GIT_SSH="/tmp/git-ssh-portfolio-production-tania.sh" ; /usr/bin/env git ls-remote https://github.com/rtnrtn/portfolio.git HEAD )
 DEBUG [ab5d4ead] 	e73e077c811c0ec5140d29247c38bfece6cc4623	HEAD
  INFO [ab5d4ead] Finished in 0.360 seconds with exit status 0 (successful).
  INFO [f6750d4c] Running /usr/bin/env mkdir -p /home/tania/public_html/tania/shared /home/tania/public_html/tania/releases as tania@tania.to
 DEBUG [f6750d4c] Command: /usr/bin/env mkdir -p /home/tania/public_html/tania/shared /home/tania/public_html/tania/releases
  INFO [f6750d4c] Finished in 0.079 seconds with exit status 0 (successful).
  INFO [cc95f50f] Running /usr/bin/env mkdir -p /home/tania/public_html/tania/shared/log as tania@tania.to
 DEBUG [cc95f50f] Command: /usr/bin/env mkdir -p /home/tania/public_html/tania/shared/log
  INFO [cc95f50f] Finished in 0.077 seconds with exit status 0 (successful).
 DEBUG [55eb5761] Running [ -f /home/tania/public_html/tania/current/REVISION ] as tania@tania.to
 DEBUG [55eb5761] Command: [ -f /home/tania/public_html/tania/current/REVISION ]
 DEBUG [55eb5761] Finished in 0.077 seconds with exit status 0 (successful).
 DEBUG [b8a649a9] Running /usr/bin/env cat /home/tania/public_html/tania/current/REVISION 2>/dev/null as tania@tania.to
 DEBUG [b8a649a9] Command: /usr/bin/env cat /home/tania/public_html/tania/current/REVISION 2>/dev/null
 DEBUG [b8a649a9] 	e73e077c811c0ec5140d29247c38bfece6cc4623
 DEBUG [b8a649a9] Finished in 0.077 seconds with exit status 0 (successful).
 DEBUG [e386f7d0] Running [ -f /home/tania/public_html/tania/repo/HEAD ] as tania@tania.to
 DEBUG [e386f7d0] Command: [ -f /home/tania/public_html/tania/repo/HEAD ]
 DEBUG [e386f7d0] Finished in 0.077 seconds with exit status 0 (successful).
  INFO The repository mirror is at /home/tania/public_html/tania/repo
 DEBUG [25883654] Running if test ! -d /home/tania/public_html/tania/repo; then echo "Directory does not exist '/home/tania/public_html/tania/repo'" 1>&2; false; fi as tania@tania.to
 DEBUG [25883654] Command: if test ! -d /home/tania/public_html/tania/repo; then echo "Directory does not exist '/home/tania/public_html/tania/repo'" 1>&2; false; fi
 DEBUG [25883654] Finished in 0.076 seconds with exit status 0 (successful).
  INFO [2c61123a] Running /usr/bin/env git remote set-url origin https://github.com/rtnrtn/portfolio.git as tania@tania.to
 DEBUG [2c61123a] Command: cd /home/tania/public_html/tania/repo && ( export GIT_ASKPASS="/bin/echo" GIT_SSH="/tmp/git-ssh-portfolio-production-tania.sh" ; /usr/bin/env git remote set-url origin https://github.com/rtnrtn/portfolio.git )
  INFO [2c61123a] Finished in 0.079 seconds with exit status 0 (successful).
  INFO [998474e6] Running /usr/bin/env git remote update --prune as tania@tania.to
 DEBUG [998474e6] Command: cd /home/tania/public_html/tania/repo && ( export GIT_ASKPASS="/bin/echo" GIT_SSH="/tmp/git-ssh-portfolio-production-tania.sh" ; /usr/bin/env git remote update --prune )
 DEBUG [998474e6] 	Fetching origin
  INFO [998474e6] Finished in 0.371 seconds with exit status 0 (successful).
 DEBUG [7ee4e5cb] Running if test ! -d /home/tania/public_html/tania/repo; then echo "Directory does not exist '/home/tania/public_html/tania/repo'" 1>&2; false; fi as tania@tania.to
 DEBUG [7ee4e5cb] Command: if test ! -d /home/tania/public_html/tania/repo; then echo "Directory does not exist '/home/tania/public_html/tania/repo'" 1>&2; false; fi
 DEBUG [7ee4e5cb] Finished in 0.076 seconds with exit status 0 (successful).
  INFO [eba87805] Running /usr/bin/env mkdir -p /home/tania/public_html/tania/releases/20201028004621 as tania@tania.to
 DEBUG [eba87805] Command: cd /home/tania/public_html/tania/repo && ( export GIT_ASKPASS="/bin/echo" GIT_SSH="/tmp/git-ssh-portfolio-production-tania.sh" ; /usr/bin/env mkdir -p /home/tania/public_html/tania/releases/20201028004621 )
  INFO [eba87805] Finished in 0.079 seconds with exit status 0 (successful).
  INFO [926a1c92] Running /usr/bin/env git archive master | /usr/bin/env tar -x -f - -C /home/tania/public_html/tania/releases/20201028004621 as tania@tania.to
 DEBUG [926a1c92] Command: cd /home/tania/public_html/tania/repo && ( export GIT_ASKPASS="/bin/echo" GIT_SSH="/tmp/git-ssh-portfolio-production-tania.sh" ; /usr/bin/env git archive master | /usr/bin/env tar -x -f - -C /home/tania/public_html/tania/releases/20201028004621 )
  INFO [926a1c92] Finished in 0.140 seconds with exit status 0 (successful).
 DEBUG [35cd4b7e] Running if test ! -d /home/tania/public_html/tania/repo; then echo "Directory does not exist '/home/tania/public_html/tania/repo'" 1>&2; false; fi as tania@tania.to
 DEBUG [35cd4b7e] Command: if test ! -d /home/tania/public_html/tania/repo; then echo "Directory does not exist '/home/tania/public_html/tania/repo'" 1>&2; false; fi
 DEBUG [35cd4b7e] Finished in 0.078 seconds with exit status 0 (successful).
 DEBUG [55e57c2d] Running /usr/bin/env git rev-list --max-count=1 master as tania@tania.to
 DEBUG [55e57c2d] Command: cd /home/tania/public_html/tania/repo && ( export GIT_ASKPASS="/bin/echo" GIT_SSH="/tmp/git-ssh-portfolio-production-tania.sh" ; /usr/bin/env git rev-list --max-count=1 master )
 DEBUG [55e57c2d] 	e73e077c811c0ec5140d29247c38bfece6cc4623
 DEBUG [55e57c2d] Finished in 0.080 seconds with exit status 0 (successful).
 DEBUG [6fc62f14] Running if test ! -d /home/tania/public_html/tania/releases/20201028004621; then echo "Directory does not exist '/home/tania/public_html/tania/releases/20201028004621'" 1>&2; false; fi as tania@tania.to
 DEBUG [6fc62f14] Command: if test ! -d /home/tania/public_html/tania/releases/20201028004621; then echo "Directory does not exist '/home/tania/public_html/tania/releases/20201028004621'" 1>&2; false; fi
 DEBUG [6fc62f14] Finished in 0.075 seconds with exit status 0 (successful).
  INFO [03e5622f] Running /usr/bin/env echo "e73e077c811c0ec5140d29247c38bfece6cc4623" > REVISION as tania@tania.to
 DEBUG [03e5622f] Command: cd /home/tania/public_html/tania/releases/20201028004621 && /usr/bin/env echo "e73e077c811c0ec5140d29247c38bfece6cc4623" > REVISION
  INFO [03e5622f] Finished in 0.079 seconds with exit status 0 (successful).
  INFO [b837e912] Running /usr/bin/env mkdir -p /home/tania/public_html/tania/releases/20201028004621 as tania@tania.to
 DEBUG [b837e912] Command: /usr/bin/env mkdir -p /home/tania/public_html/tania/releases/20201028004621
  INFO [b837e912] Finished in 0.076 seconds with exit status 0 (successful).
 DEBUG [7e99853f] Running [ -L /home/tania/public_html/tania/releases/20201028004621/log ] as tania@tania.to
 DEBUG [7e99853f] Command: [ -L /home/tania/public_html/tania/releases/20201028004621/log ]
 DEBUG [7e99853f] Finished in 0.074 seconds with exit status 1 (failed).
 DEBUG [dedec07b] Running [ -d /home/tania/public_html/tania/releases/20201028004621/log ] as tania@tania.to
 DEBUG [dedec07b] Command: [ -d /home/tania/public_html/tania/releases/20201028004621/log ]
 DEBUG [dedec07b] Finished in 0.075 seconds with exit status 1 (failed).
  INFO [63fbc097] Running /usr/bin/env ln -s /home/tania/public_html/tania/shared/log /home/tania/public_html/tania/releases/20201028004621/log as tania@tania.to
 DEBUG [63fbc097] Command: /usr/bin/env ln -s /home/tania/public_html/tania/shared/log /home/tania/public_html/tania/releases/20201028004621/log
  INFO [63fbc097] Finished in 0.079 seconds with exit status 0 (successful).
  INFO [9927b25f] Running /usr/bin/env ln -s /home/tania/public_html/tania/releases/20201028004621 /home/tania/public_html/tania/releases/current as tania@tania.to
 DEBUG [9927b25f] Command: /usr/bin/env ln -s /home/tania/public_html/tania/releases/20201028004621 /home/tania/public_html/tania/releases/current
  INFO [9927b25f] Finished in 0.076 seconds with exit status 0 (successful).
  INFO [d31d9983] Running /usr/bin/env mv /home/tania/public_html/tania/releases/current /home/tania/public_html/tania as tania@tania.to
 DEBUG [d31d9983] Command: /usr/bin/env mv /home/tania/public_html/tania/releases/current /home/tania/public_html/tania
  INFO [d31d9983] Finished in 0.079 seconds with exit status 0 (successful).
 DEBUG [92ef8cbd] Running /usr/bin/env ls -x /home/tania/public_html/tania/releases as tania@tania.to
 DEBUG [92ef8cbd] Command: /usr/bin/env ls -x /home/tania/public_html/tania/releases
 DEBUG [92ef8cbd] 	20201025231100	20201025232700	20201026180600	20201028003902	20201028004621
 DEBUG [92ef8cbd] Finished in 0.075 seconds with exit status 0 (successful).
 DEBUG [368ca3e6] Running if test ! -d /home/tania/public_html/tania/current; then echo "Directory does not exist '/home/tania/public_html/tania/current'" 1>&2; false; fi as tania@tania.to
 DEBUG [368ca3e6] Command: if test ! -d /home/tania/public_html/tania/current; then echo "Directory does not exist '/home/tania/public_html/tania/current'" 1>&2; false; fi
 DEBUG [368ca3e6] Finished in 0.075 seconds with exit status 0 (successful).
  INFO [a713f0cb] Running /usr/bin/env jekyll build as tania@tania.to
 DEBUG [a713f0cb] Command: cd /home/tania/public_html/tania/current && /usr/bin/env jekyll build
 DEBUG [a713f0cb] 	/usr/bin/env: 
 DEBUG [a713f0cb] 	‘jekyll’
 DEBUG [a713f0cb] 	: No such file or directory
 DEBUG [a713f0cb] 	
